<?xml version="1.0" encoding="UTF-8"?>
<!-- Generated by org.testng.reporters.JUnitReportReporter -->
<testsuite hostname="LAPTOP-VOGEQ752" failures="0" tests="1" name="Practice_Maven.updatetest" time="0.001" errors="0" timestamp="2023-01-18T13:16:44 IST" skipped="0">
  <testcase classname="Practice_Maven.updatetest" name="update" time="0.001"/>
  <system-out/>
</testsuite> <!-- Practice_Maven.updatetest -->
