<?xml version="1.0" encoding="UTF-8"?>
<!-- Generated by org.testng.reporters.JUnitReportReporter -->
<testsuite hostname="LAPTOP-VOGEQ752" failures="0" tests="1" name="Practice_Maven.CreateTest" time="0.008" errors="0" timestamp="2023-01-18T13:16:44 IST" skipped="0">
  <testcase classname="Practice_Maven.CreateTest" name="printcreate" time="0.008"/>
  <system-out/>
</testsuite> <!-- Practice_Maven.CreateTest -->
